<?xml version="1.0" encoding="UTF-8" ?>
<testsuites>
	<testsuite errors="0" failures="0" id="0" name="Automation"
		package="Mule Subscription API" tests="12" time="4.751">
		<properties>
[...]
</properties>
		<testcase name="Set up endpoints" time="0.21" />
		<testcase name="Set up endpoints" time="0.028" />
		<testcase name="HeartBeat" time="0.057" />
		<testcase name="Create Sub &gt; Get Subscriptions - Happy"
			time="0.68" />
		<testcase name="Update Sub - Status Change Test" time="0.835" />
		<testcase name="Delete Sub - Positive Testing" time="0.28" />
		<testcase name="Create Subscriptions - Exception" time="0.335" />
		<testcase name="Update Subscription - Expection" time="1.019" />
		<testcase name="Get Subscriptions - Exception" time="0.367" />
		<testcase name="Delete Subscriptions - Exception" time="0.291" />
		<testcase name="Query Subscriber" time="0.19" />
		<testcase name="Update Subscriber" time="0.459" />
	</testsuite>
</testsuites>
